#
# There is insufficient memory for the Java Runtime Environment to continue.
# Native memory allocation (malloc) failed to allocate 351376 bytes for Chunk::new
# Possible reasons:
#   The system is out of physical RAM or swap space
#   In 32 bit mode, the process size limit was hit
# Possible solutions:
#   Reduce memory load on the system
#   Increase physical memory or swap space
#   Check if swap backing store is full
#   Use 64 bit Java on a 64 bit OS
#   Decrease Java heap size (-Xmx/-Xms)
#   Decrease number of Java threads
#   Decrease Java thread stack sizes (-Xss)
#   Set larger code cache with -XX:ReservedCodeCacheSize=
# This output file may be truncated or incomplete.
#
#  Out of Memory Error (allocation.cpp:390), pid=22412, tid=0x00000000000054b0
#
# JRE version: Java(TM) SE Runtime Environment (8.0_111-b14) (build 1.8.0_111-b14)
# Java VM: Java HotSpot(TM) 64-Bit Server VM (25.111-b14 mixed mode windows-amd64 compressed oops)
# Failed to write core dump. Minidumps are not enabled by default on client versions of Windows
#

---------------  T H R E A D  ---------------

Current thread (0x000000001ece5000):  JavaThread "C2 CompilerThread0" daemon [_thread_in_native, id=21680, stack(0x000000001f510000,0x000000001f610000)]

Stack: [0x000000001f510000,0x000000001f610000]
[error occurred during error reporting (printing stack bounds), id 0xc0000005]

Native frames: (J=compiled Java code, j=interpreted, Vv=VM code, C=native code)


Current CompileTask:
C2:   6918 3467       4       com.sun.javafx.geom.AreaOp::resolveLinks (520 bytes)


---------------  P R O C E S S  ---------------

Java Threads: ( => current thread )
  0x0000000020926000 JavaThread "Prism Font Disposer" daemon [_thread_blocked, id=21872, stack(0x00000000291c0000,0x00000000292c0000)]
  0x000000002073f000 JavaThread "Abandoned connection cleanup thread" daemon [_thread_blocked, id=21944, stack(0x0000000026460000,0x0000000026560000)]
  0x00000000206b5800 JavaThread "Thread-3" daemon [_thread_in_native, id=5308, stack(0x0000000026260000,0x0000000026360000)]
  0x0000000020266000 JavaThread "JavaFX-Launcher" [_thread_blocked, id=9396, stack(0x0000000026360000,0x0000000026460000)]
  0x00000000203d7000 JavaThread "JavaFX Application Thread" [_thread_blocked, id=21860, stack(0x0000000021790000,0x0000000021890000)]
  0x000000002039f000 JavaThread "Thread-1" daemon [_thread_blocked, id=20616, stack(0x0000000021690000,0x0000000021790000)]
  0x0000000020476800 JavaThread "QuantumRenderer-0" daemon [_thread_in_native, id=12956, stack(0x00000000212e0000,0x00000000213e0000)]
  0x000000001ed0a000 JavaThread "Service Thread" daemon [_thread_blocked, id=20040, stack(0x000000001f910000,0x000000001fa10000)]
  0x000000001ecf3000 JavaThread "C1 CompilerThread3" daemon [_thread_blocked, id=20984, stack(0x000000001f810000,0x000000001f910000)]
  0x000000001ecee800 JavaThread "C2 CompilerThread2" daemon [_thread_in_native, id=11688, stack(0x000000001f710000,0x000000001f810000)]
  0x000000001ece8000 JavaThread "C2 CompilerThread1" daemon [_thread_blocked, id=21812, stack(0x000000001f610000,0x000000001f710000)]
=>0x000000001ece5000 JavaThread "C2 CompilerThread0" daemon [_thread_in_native, id=21680, stack(0x000000001f510000,0x000000001f610000)]
  0x000000001ece3800 JavaThread "Attach Listener" daemon [_thread_blocked, id=13556, stack(0x000000001f410000,0x000000001f510000)]
  0x000000001ece2000 JavaThread "Signal Dispatcher" daemon [_thread_blocked, id=21696, stack(0x000000001f310000,0x000000001f410000)]
  0x000000001ecd1800 JavaThread "Finalizer" daemon [_thread_blocked, id=22524, stack(0x000000001f0b0000,0x000000001f1b0000)]
  0x000000001cde0800 JavaThread "Reference Handler" daemon [_thread_blocked, id=22520, stack(0x000000001ebb0000,0x000000001ecb0000)]
  0x000000000336b800 JavaThread "main" [_thread_blocked, id=22476, stack(0x0000000003200000,0x0000000003300000)]

Other Threads:
  0x000000001cdd7800 VMThread [stack: 0x000000001eab0000,0x000000001ebb0000] [id=22516]
  0x000000001ee0b800 WatcherThread [stack: 0x000000001fa10000,0x000000001fb10000] [id=15952]

VM state:not at safepoint (normal execution)

VM Mutex/Monitor currently owned by a thread: None

Heap:
 PSYoungGen      total 75776K, used 24127K [0x000000076b980000, 0x0000000770e00000, 0x00000007c0000000)
  eden space 65024K, 37% used [0x000000076b980000,0x000000076d10fe40,0x000000076f900000)
  from space 10752K, 0% used [0x000000076f900000,0x000000076f900000,0x0000000770380000)
  to   space 10752K, 0% used [0x0000000770380000,0x0000000770380000,0x0000000770e00000)
 ParOldGen       total 167424K, used 108745K [0x00000006c2c00000, 0x00000006ccf80000, 0x000000076b980000)
  object space 167424K, 64% used [0x00000006c2c00000,0x00000006c96325f8,0x00000006ccf80000)
 Metaspace       used 23371K, capacity 24652K, committed 24832K, reserved 1071104K
  class space    used 3264K, capacity 3541K, committed 3584K, reserved 1048576K

Card table byte_map: [0x0000000012820000,0x0000000013010000] byte_map_base: 0x000000000f20a000

Marking Bits: (ParMarkBitMap*) 0x0000000076efa6c0
 Begin Bits: [0x0000000013d60000, 0x0000000017cb0000)
 End Bits:   [0x0000000017cb0000, 0x000000001bc00000)

Polling page: 0x0000000001880000

CodeCache: size=245760Kb used=11121Kb max_used=11121Kb free=234638Kb
 bounds [0x0000000003460000, 0x0000000003f50000, 0x0000000012460000]
 total_blobs=4239 nmethods=3467 adapters=682
 compilation: enabled

Compilation events (10 events):
Event: 6.892 Thread 0x000000001ecf3000 nmethod 3464 0x0000000003f3bc90 code [0x0000000003f3bde0, 0x0000000003f3bef0]
Event: 6.893 Thread 0x000000001ecf3000 3465       3       com.sun.prism.d3d.D3DGraphics::getPaintShaderTransform (17 bytes)
Event: 6.893 Thread 0x000000001ecf3000 nmethod 3465 0x0000000003f3f3d0 code [0x0000000003f3f580, 0x0000000003f3f878]
Event: 6.893 Thread 0x000000001ecf3000 3466       3       com.sun.prism.impl.ps.BaseShaderGraphics::getPaintShaderTransform (9 bytes)
Event: 6.894 Thread 0x000000001ecf3000 nmethod 3466 0x0000000003f3ef50 code [0x0000000003f3f0c0, 0x0000000003f3f308]
Event: 6.894 Thread 0x000000001ece5000 3467       4       com.sun.javafx.geom.AreaOp::resolveLinks (520 bytes)
Event: 6.913 Thread 0x000000001ecf3000 3469       3       com.sun.scenario.animation.shared.TimelineClipCore::playTo (353 bytes)
Event: 6.914 Thread 0x000000001ecf3000 nmethod 3469 0x0000000003f43210 code [0x0000000003f43480, 0x0000000003f44378]
Event: 6.914 Thread 0x000000001ecf3000 3468       3       javafx.animation.Timeline::impl_playTo (9 bytes)
Event: 6.915 Thread 0x000000001ecf3000 nmethod 3468 0x0000000003f3eb50 code [0x0000000003f3ecc0, 0x0000000003f3ee68]

GC Heap History (4 events):
Event: 1.266 GC heap before
{Heap before GC invocations=1 (full 0):
 PSYoungGen      total 75776K, used 61371K [0x000000076b980000, 0x0000000770e00000, 0x00000007c0000000)
  eden space 65024K, 94% used [0x000000076b980000,0x000000076f56efd0,0x000000076f900000)
  from space 10752K, 0% used [0x0000000770380000,0x0000000770380000,0x0000000770e00000)
  to   space 10752K, 0% used [0x000000076f900000,0x000000076f900000,0x0000000770380000)
 ParOldGen       total 173568K, used 35778K [0x00000006c2c00000, 0x00000006cd580000, 0x000000076b980000)
  object space 173568K, 20% used [0x00000006c2c00000,0x00000006c4ef0810,0x00000006cd580000)
 Metaspace       used 20131K, capacity 21160K, committed 21248K, reserved 1067008K
  class space    used 2822K, capacity 3045K, committed 3072K, reserved 1048576K
Event: 1.273 GC heap after
Heap after GC invocations=1 (full 0):
 PSYoungGen      total 75776K, used 10748K [0x000000076b980000, 0x0000000770e00000, 0x00000007c0000000)
  eden space 65024K, 0% used [0x000000076b980000,0x000000076b980000,0x000000076f900000)
  from space 10752K, 99% used [0x000000076f900000,0x000000077037f138,0x0000000770380000)
  to   space 10752K, 0% used [0x0000000770380000,0x0000000770380000,0x0000000770e00000)
 ParOldGen       total 173568K, used 36680K [0x00000006c2c00000, 0x00000006cd580000, 0x000000076b980000)
  object space 173568K, 21% used [0x00000006c2c00000,0x00000006c4fd2290,0x00000006cd580000)
 Metaspace       used 20131K, capacity 21160K, committed 21248K, reserved 1067008K
  class space    used 2822K, capacity 3045K, committed 3072K, reserved 1048576K
}
Event: 1.273 GC heap before
{Heap before GC invocations=2 (full 1):
 PSYoungGen      total 75776K, used 10748K [0x000000076b980000, 0x0000000770e00000, 0x00000007c0000000)
  eden space 65024K, 0% used [0x000000076b980000,0x000000076b980000,0x000000076f900000)
  from space 10752K, 99% used [0x000000076f900000,0x000000077037f138,0x0000000770380000)
  to   space 10752K, 0% used [0x0000000770380000,0x0000000770380000,0x0000000770e00000)
 ParOldGen       total 173568K, used 36680K [0x00000006c2c00000, 0x00000006cd580000, 0x000000076b980000)
  object space 173568K, 21% used [0x00000006c2c00000,0x00000006c4fd2290,0x00000006cd580000)
 Metaspace       used 20131K, capacity 21160K, committed 21248K, reserved 1067008K
  class space    used 2822K, capacity 3045K, committed 3072K, reserved 1048576K
Event: 1.295 GC heap after
Heap after GC invocations=2 (full 1):
 PSYoungGen      total 75776K, used 0K [0x000000076b980000, 0x0000000770e00000, 0x00000007c0000000)
  eden space 65024K, 0% used [0x000000076b980000,0x000000076b980000,0x000000076f900000)
  from space 10752K, 0% used [0x000000076f900000,0x000000076f900000,0x0000000770380000)
  to   space 10752K, 0% used [0x0000000770380000,0x0000000770380000,0x0000000770e00000)
 ParOldGen       total 167424K, used 47144K [0x00000006c2c00000, 0x00000006ccf80000, 0x000000076b980000)
  object space 167424K, 28% used [0x00000006c2c00000,0x00000006c5a0a3e8,0x00000006ccf80000)
 Metaspace       used 20131K, capacity 21160K, committed 21248K, reserved 1067008K
  class space    used 2822K, capacity 3045K, committed 3072K, reserved 1048576K
}

Deoptimization events (10 events):
Event: 6.135 Thread 0x00000000203d7000 Uncommon trap: reason=class_check action=maybe_recompile pc=0x0000000003e062dc method=javafx.scene.Node.updateLocalToParentTransform()V @ 327
Event: 6.135 Thread 0x00000000203d7000 Uncommon trap: reason=bimorphic action=maybe_recompile pc=0x0000000003e66444 method=javafx.scene.Node.getGeomBounds(Lcom/sun/javafx/geom/BaseBounds;Lcom/sun/javafx/geom/transform/BaseTransform;)Lcom/sun/javafx/geom/BaseBounds; @ 21
Event: 6.729 Thread 0x00000000203d7000 Uncommon trap: reason=class_check action=maybe_recompile pc=0x0000000003a25630 method=java.io.FilterInputStream.read()I @ 4
Event: 6.729 Thread 0x00000000203d7000 Uncommon trap: reason=class_check action=maybe_recompile pc=0x0000000003a25630 method=java.io.FilterInputStream.read()I @ 4
Event: 6.729 Thread 0x00000000203d7000 Uncommon trap: reason=class_check action=maybe_recompile pc=0x0000000003a25630 method=java.io.FilterInputStream.read()I @ 4
Event: 6.729 Thread 0x00000000203d7000 Uncommon trap: reason=class_check action=maybe_recompile pc=0x0000000003a25630 method=java.io.FilterInputStream.read()I @ 4
Event: 6.730 Thread 0x00000000203d7000 Uncommon trap: reason=unstable_if action=reinterpret pc=0x0000000003d38568 method=com.sun.javafx.image.impl.ByteBgra$ToByteBgraPreConv.doConvert([BII[BIIII)V @ 75
Event: 6.751 Thread 0x0000000020476800 Uncommon trap: reason=unstable_if action=reinterpret pc=0x0000000003cc3e30 method=com.sun.javafx.font.CompositeStrike.getStrikeSlot(I)Lcom/sun/javafx/font/FontStrike; @ 8
Event: 6.752 Thread 0x0000000020476800 Uncommon trap: reason=unstable_if action=reinterpret pc=0x0000000003e84388 method=com.sun.javafx.geom.transform.AffineBase.updateState2D()V @ 51
Event: 6.752 Thread 0x0000000020476800 Uncommon trap: reason=unstable_if action=reinterpret pc=0x0000000003e7e734 method=com.sun.javafx.geom.transform.AffineBase.updateState2D()V @ 51

Internal exceptions (10 events):
Event: 0.814 Thread 0x00000000203d7000 Exception <a 'java/lang/ArrayIndexOutOfBoundsException': 58> (0x000000076dacbc30) thrown at [C:\re\workspace\8-2-build-windows-amd64-cygwin\jdk8u111\7883\hotspot\src\share\vm\interpreter\interpreterRuntime.cpp, line 366]
Event: 0.816 Thread 0x00000000203d7000 Exception <a 'java/lang/ArrayIndexOutOfBoundsException': 18> (0x000000076daccab8) thrown at [C:\re\workspace\8-2-build-windows-amd64-cygwin\jdk8u111\7883\hotspot\src\share\vm\interpreter\interpreterRuntime.cpp, line 366]
Event: 0.816 Thread 0x00000000203d7000 Exception <a 'java/lang/ArrayIndexOutOfBoundsException': 86> (0x000000076dacde60) thrown at [C:\re\workspace\8-2-build-windows-amd64-cygwin\jdk8u111\7883\hotspot\src\share\vm\interpreter\interpreterRuntime.cpp, line 366]
Event: 0.965 Thread 0x00000000203d7000 Exception <a 'java/lang/ArrayIndexOutOfBoundsException'> (0x000000076e335e10) thrown at [C:\re\workspace\8-2-build-windows-amd64-cygwin\jdk8u111\7883\hotspot\src\share\vm\runtime\sharedRuntime.cpp, line 605]
Event: 0.965 Thread 0x00000000203d7000 Exception <a 'java/lang/ArrayIndexOutOfBoundsException'> (0x000000076e3374b0) thrown at [C:\re\workspace\8-2-build-windows-amd64-cygwin\jdk8u111\7883\hotspot\src\share\vm\runtime\sharedRuntime.cpp, line 605]
Event: 0.965 Thread 0x00000000203d7000 Exception <a 'java/lang/ArrayIndexOutOfBoundsException'> (0x000000076e338d20) thrown at [C:\re\workspace\8-2-build-windows-amd64-cygwin\jdk8u111\7883\hotspot\src\share\vm\runtime\sharedRuntime.cpp, line 605]
Event: 1.126 Thread 0x00000000203d7000 Implicit null exception at 0x00000000038039b5 to 0x0000000003803be5
Event: 1.126 Thread 0x00000000203d7000 Implicit null exception at 0x00000000037e6558 to 0x00000000037e65e6
Event: 1.127 Thread 0x00000000203d7000 Implicit null exception at 0x0000000003741def to 0x0000000003741e59
Event: 5.153 Thread 0x00000000203d7000 Implicit null exception at 0x0000000003b2cc25 to 0x0000000003b2cec1

Events (10 events):
Event: 6.752 Thread 0x0000000020476800 DEOPT UNPACKING pc=0x00000000034a582a sp=0x00000000213de040 mode 2
Event: 6.752 Thread 0x0000000020476800 Uncommon trap: trap_request=0xffffff65 fr.pc=0x0000000003e7e734
Event: 6.752 Thread 0x0000000020476800 DEOPT PACKING pc=0x0000000003e7e734 sp=0x00000000213ddbb0
Event: 6.752 Thread 0x0000000020476800 DEOPT UNPACKING pc=0x00000000034a582a sp=0x00000000213ddb50 mode 2
Event: 6.753 Executing VM operation: RevokeBias
Event: 6.753 Executing VM operation: RevokeBias done
Event: 6.759 loading class com/sun/glass/ui/EventLoop
Event: 6.759 loading class com/sun/glass/ui/EventLoop done
Event: 6.760 loading class com/sun/glass/ui/EventLoop$State
Event: 6.760 loading class com/sun/glass/ui/EventLoop$State done


Dynamic libraries:
0x00007ff669040000 - 0x00007ff669077000 	C:\Program Files\Java\jdk1.8.0_111\bin\java.exe
0x00007ffe89fb0000 - 0x00007ffe8a1c4000 	C:\WINDOWS\SYSTEM32\ntdll.dll
0x00007ffe89ea0000 - 0x00007ffe89f62000 	C:\WINDOWS\System32\KERNEL32.DLL
0x00007ffe873f0000 - 0x00007ffe8778c000 	C:\WINDOWS\System32\KERNELBASE.dll
0x00007ffe890d0000 - 0x00007ffe8917e000 	C:\WINDOWS\System32\ADVAPI32.dll
0x00007ffe89370000 - 0x00007ffe89417000 	C:\WINDOWS\System32\msvcrt.dll
0x00007ffe891e0000 - 0x00007ffe89284000 	C:\WINDOWS\System32\sechost.dll
0x00007ffe89d80000 - 0x00007ffe89e97000 	C:\WINDOWS\System32\RPCRT4.dll
0x00007ffe88ea0000 - 0x00007ffe8904b000 	C:\WINDOWS\System32\USER32.dll
0x00007ffe87cf0000 - 0x00007ffe87d16000 	C:\WINDOWS\System32\win32u.dll
0x00007ffe89c50000 - 0x00007ffe89c79000 	C:\WINDOWS\System32\GDI32.dll
0x00007ffe87900000 - 0x00007ffe87a13000 	C:\WINDOWS\System32\gdi32full.dll
0x00007ffe87d20000 - 0x00007ffe87dba000 	C:\WINDOWS\System32\msvcp_win.dll
0x00007ffe87b50000 - 0x00007ffe87c61000 	C:\WINDOWS\System32\ucrtbase.dll
0x00007ffe70390000 - 0x00007ffe7061e000 	C:\WINDOWS\WinSxS\amd64_microsoft.windows.common-controls_6595b64144ccf1df_6.0.22621.608_none_a9444ca7c10bb01d\COMCTL32.dll
0x00007ffe89420000 - 0x00007ffe89451000 	C:\WINDOWS\System32\IMM32.DLL
0x0000000076600000 - 0x00000000766d2000 	C:\Program Files\Java\jdk1.8.0_111\jre\bin\msvcr100.dll
0x00000000766e0000 - 0x0000000076f7a000 	C:\Program Files\Java\jdk1.8.0_111\jre\bin\server\jvm.dll
0x00007ffe88760000 - 0x00007ffe88768000 	C:\WINDOWS\System32\PSAPI.DLL
0x00007ffe66e60000 - 0x00007ffe66e69000 	C:\WINDOWS\SYSTEM32\WSOCK32.dll
0x00007ffe80950000 - 0x00007ffe8095a000 	C:\WINDOWS\SYSTEM32\VERSION.dll
0x00007ffe75320000 - 0x00007ffe75354000 	C:\WINDOWS\SYSTEM32\WINMM.dll
0x00007ffe892f0000 - 0x00007ffe89361000 	C:\WINDOWS\System32\WS2_32.dll
0x0000000050080000 - 0x000000005008f000 	C:\Program Files\Java\jdk1.8.0_111\jre\bin\verify.dll
0x0000000050050000 - 0x0000000050079000 	C:\Program Files\Java\jdk1.8.0_111\jre\bin\java.dll
0x0000000050030000 - 0x0000000050046000 	C:\Program Files\Java\jdk1.8.0_111\jre\bin\zip.dll
0x00007ffe89460000 - 0x00007ffe89c50000 	C:\WINDOWS\System32\SHELL32.dll
0x00007ffe85410000 - 0x00007ffe85cdd000 	C:\WINDOWS\SYSTEM32\windows.storage.dll
0x00007ffe88310000 - 0x00007ffe88699000 	C:\WINDOWS\System32\combase.dll
0x00007ffe852d0000 - 0x00007ffe8540e000 	C:\WINDOWS\SYSTEM32\wintypes.dll
0x00007ffe88b80000 - 0x00007ffe88c71000 	C:\WINDOWS\System32\SHCORE.dll
0x00007ffe88b10000 - 0x00007ffe88b6e000 	C:\WINDOWS\System32\shlwapi.dll
0x00007ffe87320000 - 0x00007ffe87341000 	C:\WINDOWS\SYSTEM32\profapi.dll
0x00007ffe334b0000 - 0x00007ffe3359f000 	C:\Program Files\Java\jdk1.8.0_111\jre\bin\msvcr120.dll
0x00007ffe33400000 - 0x00007ffe334a6000 	C:\Program Files\Java\jdk1.8.0_111\jre\bin\msvcp120.dll
0x00000000761b0000 - 0x00000000761d2000 	C:\Program Files\Java\jdk1.8.0_111\jre\bin\prism_d3d.dll
0x00007ffe78c80000 - 0x00007ffe78e29000 	C:\WINDOWS\system32\d3d9.dll
0x00007ffe84bc0000 - 0x00007ffe84beb000 	C:\WINDOWS\SYSTEM32\dwmapi.dll
0x00007ffe84c30000 - 0x00007ffe84c66000 	C:\WINDOWS\SYSTEM32\dxcore.dll
0x00007ffe84930000 - 0x00007ffe849db000 	C:\WINDOWS\system32\uxtheme.dll
0x00007ffe4bf40000 - 0x00007ffe4c09d000 	C:\WINDOWS\System32\DriverStore\FileRepository\iigd_dch.inf_amd64_0651c2cb9dd31504\igdumdim64.dll
0x00007ffe42740000 - 0x00007ffe46049000 	C:\WINDOWS\System32\DriverStore\FileRepository\iigd_dch.inf_amd64_0651c2cb9dd31504\igd9dxva64.dll
0x00007ffe88970000 - 0x00007ffe88b0c000 	C:\WINDOWS\System32\ole32.dll
0x00007ffe88770000 - 0x00007ffe88847000 	C:\WINDOWS\System32\OLEAUT32.dll
0x00007ffe87dc0000 - 0x00007ffe88234000 	C:\WINDOWS\System32\SETUPAPI.dll
0x00007ffe870f0000 - 0x00007ffe8713e000 	C:\WINDOWS\SYSTEM32\cfgmgr32.dll
0x00007ffe7bb90000 - 0x00007ffe7bd34000 	C:\WINDOWS\System32\DriverStore\FileRepository\iigd_dch.inf_amd64_0651c2cb9dd31504\igdgmm64.dll
0x00007ffe80960000 - 0x00007ffe809a8000 	C:\WINDOWS\SYSTEM32\directxdatabasehelper.dll
0x00007ffe86530000 - 0x00007ffe86548000 	C:\WINDOWS\SYSTEM32\kernel.appcore.dll
0x0000000076160000 - 0x00000000761a3000 	C:\Program Files\Java\jdk1.8.0_111\jre\bin\glass.dll
0x00007ffe89c80000 - 0x00007ffe89d77000 	C:\WINDOWS\System32\COMDLG32.dll
0x00007ffe88850000 - 0x00007ffe8896e000 	C:\WINDOWS\System32\MSCTF.dll
0x00007ffe87c70000 - 0x00007ffe87ceb000 	C:\WINDOWS\System32\bcryptPrimitives.dll
0x00007ffe4bbf0000 - 0x00007ffe4bc16000 	C:\WINDOWS\System32\DriverStore\FileRepository\iigd_dch.inf_amd64_0651c2cb9dd31504\igdinfo64.dll
0x00007ffe78e30000 - 0x00007ffe7b434000 	C:\WINDOWS\System32\DriverStore\FileRepository\iigd_dch.inf_amd64_0651c2cb9dd31504\igc64.dll
0x0000000050010000 - 0x000000005002a000 	C:\Program Files\Java\jdk1.8.0_111\jre\bin\net.dll
0x00007ffe869a0000 - 0x00007ffe86a09000 	C:\WINDOWS\system32\mswsock.dll
0x00007ffe86010000 - 0x00007ffe86103000 	C:\WINDOWS\SYSTEM32\DNSAPI.dll
0x00007ffe85fa0000 - 0x00007ffe85fcd000 	C:\WINDOWS\SYSTEM32\IPHLPAPI.DLL
0x00007ffe88b70000 - 0x00007ffe88b79000 	C:\WINDOWS\System32\NSI.dll
0x00007ffe778a0000 - 0x00007ffe778aa000 	C:\Windows\System32\rasadhlp.dll
0x00007ffe7fd00000 - 0x00007ffe7fd83000 	C:\WINDOWS\System32\fwpuclnt.dll
0x0000000076130000 - 0x0000000076153000 	C:\Program Files\Java\jdk1.8.0_111\jre\bin\javafx_iio.dll
0x0000000076110000 - 0x0000000076124000 	C:\Program Files\Java\jdk1.8.0_111\jre\bin\javafx_font.dll
0x00007ffe82a50000 - 0x00007ffe82cb7000 	C:\WINDOWS\SYSTEM32\dwrite.dll
0x00007ffe88240000 - 0x00007ffe882f0000 	C:\WINDOWS\System32\clbcatq.dll
0x00007ffe82350000 - 0x00007ffe82500000 	C:\WINDOWS\SYSTEM32\WindowsCodecs.dll
0x00007ffe6d830000 - 0x00007ffe6d88e000 	C:\WINDOWS\system32\dataexchange.dll
0x00007ffe81110000 - 0x00007ffe8137a000 	C:\WINDOWS\system32\twinapi.appcore.dll
0x00007ffe4cab0000 - 0x00007ffe4cae2000 	C:\Program Files\Common Files\Microsoft Shared\Ink\rtscom.dll
0x00007ffe61340000 - 0x00007ffe6146e000 	C:\WINDOWS\SYSTEM32\textinputframework.dll
0x00007ffe83db0000 - 0x00007ffe83ee3000 	C:\WINDOWS\SYSTEM32\CoreMessaging.dll
0x00007ffe7fd90000 - 0x00007ffe800fc000 	C:\WINDOWS\SYSTEM32\CoreUIComponents.dll
0x00007ffe86c20000 - 0x00007ffe86c2c000 	C:\WINDOWS\SYSTEM32\CRYPTBASE.DLL
0x00007ffe82cc0000 - 0x00007ffe83281000 	C:\WINDOWS\SYSTEM32\d2d1.dll
0x00007ffe83290000 - 0x00007ffe834e7000 	C:\WINDOWS\SYSTEM32\d3d11.dll
0x00007ffe84ab0000 - 0x00007ffe84ba6000 	C:\WINDOWS\SYSTEM32\dxgi.dll
0x00007ffe7f160000 - 0x00007ffe7f871000 	C:\WINDOWS\SYSTEM32\D3D10Warp.dll
0x00000000760f0000 - 0x0000000076101000 	C:\Program Files\Java\jdk1.8.0_111\jre\bin\prism_common.dll

VM Arguments:
jvm_args: -Dfile.encoding=UTF-8 
java_command: gui.NewFXMain1
java_class_path (initial): C:\Users\Motaz\mm Dropbox\Motaz Sammoud\PC\Desktop\KKKK\dernierrrrrrrrrrrrrrrrrrrrrrrrrrrrrrrrrrr\MEDICAMENT\lib\MySQLDriver\mysql-connector-java-5.1.23-bin.jar;C:\Users\Motaz\mm Dropbox\Motaz Sammoud\PC\Desktop\KKKK\dernierrrrrrrrrrrrrrrrrrrrrrrrrrrrrrrrrrr\MEDICAMENT\lib\core-3.0.0.jar;C:\Users\Motaz\mm Dropbox\Motaz Sammoud\PC\Desktop\KKKK\dernierrrrrrrrrrrrrrrrrrrrrrrrrrrrrrrrrrr\MEDICAMENT\lib\javase-3.0.0.jar;C:\Users\Motaz\mm Dropbox\Motaz Sammoud\PC\Desktop\KKKK\dernierrrrrrrrrrrrrrrrrrrrrrrrrrrrrrrrrrr\MEDICAMENT\lib\qrgen-1.2.jar;C:\Users\Motaz\mm Dropbox\Motaz Sammoud\PC\Desktop\KKKK\dernierrrrrrrrrrrrrrrrrrrrrrrrrrrrrrrrrrr\MEDICAMENT\lib\qrgen-1.4.jar;C:\Users\Motaz\mm Dropbox\Motaz Sammoud\PC\Desktop\KKKK\dernierrrrrrrrrrrrrrrrrrrrrrrrrrrrrrrrrrr\MEDICAMENT\lib\itextpdf-5.5.9.jar;C:\Users\Motaz\mm Dropbox\Motaz Sammoud\PC\Desktop\KKKK\dernierrrrrrrrrrrrrrrrrrrrrrrrrrrrrrrrrrr\MEDICAMENT\lib\javax.mail.jar;C:\Users\Motaz\mm Dropbox\Motaz Sammoud\PC\Desktop\KKKK\dernierrrrrrrrrrrrrrrrrrrrrrrrrrrrrrrrrrr\MEDICAMENT\lib\SparseBitSet-1.2.jar;C:\Users\Motaz\mm Dropbox\Motaz Sammoud\PC\Desktop\KKKK\dernierrrrrrrrrrrrrrrrrrrrrrrrrrrrrrrrrrr\MEDICAMENT\lib\ant-1.10.12.jar;C:\Users\Motaz\mm Dropbox\Motaz Sammoud\PC\Desktop\KKKK\dernierrrrrrrrrrrrrrrrrrrrrrrrrrrrrrrrrrr\MEDICAMENT\lib\ant-launcher-1.10.12.jar;C:\Users\Motaz\mm Dropbox\Motaz Sammoud\PC\Desktop\KKKK\dernierrrrrrrrrrrrrrrrrrrrrrrrrrrrrrrrrrr\MEDICAMENT\lib\commons-codec-1.15.jar;C:\Users\Motaz\mm Dropbox\Motaz Sammoud\PC\Desktop\KKKK\dernierrrrrrrrrrrrrrrrrrrrrrrrrrrrrrrrrrr\MEDICAMENT\lib\commons-collections4-4.4.jar;C:\Users\Motaz\mm Dropbox\Motaz Sammoud\PC\Desktop\KKKK\dernierrrrrrrrrrrrrrrrrrrrrrrrrrrrrrrrrrr\MEDICAMENT\lib\commons-compress-1.21.jar;C:\Users\Motaz\mm Dropbox\Motaz Sammoud\PC\Desktop\KKKK\dernierrrrrrrrrrrrrrrrrrrrrrrrrrrrrrrrrrr\MEDICAMENT\lib\commons-io-2.11.0.jar;C:\Users\Motaz\mm Dropbox\Motaz Sammoud\PC\Desktop\KKKK\dernierrrrrrrrrrrrrrrrrrrrrrr
Launcher Type: SUN_STANDARD

Environment Variables:
JAVA_HOME=C:\Program Files\Java\jdk-19
PATH=C:\ProgramData\Oracle\Java\javapath;C:\oraclexe\app\oracle\product\10.2.0\server\bin;C:\Program Files\Common Files\Oracle\Java\javapath;C:\WINDOWS\system32;C:\WINDOWS;C:\WINDOWS\System32\Wbem;C:\WINDOWS\System32\WindowsPowerShell\v1.0\;C:\WINDOWS\System32\OpenSSH\;C:\Program Files\Java\jdk-19\bin;C:\wamp64\bin\php\php7.4.33;C:\Program Files\Git\cmd;C:\Program Files\Git\mingw64\bin;C:\Program Files\Git\usr\bin;C:\Program Files (x86)\php-8.2.3-Win32-vs16-x64;C:\composer;C:\xampp\php;C:\Users\Motaz\scoop\shims;C:\Users\Motaz\AppData\Local\Microsoft\WindowsApps;;C:\Users\Motaz\AppData\Local\Programs\Microsoft VS Code\bin;C:\Users\Motaz\AppData\Roaming\Composer\vendor\bin;C:\Program Files\JetBrains\PhpStorm 2022.3.2\bin;
USERNAME=Motaz
OS=Windows_NT
PROCESSOR_IDENTIFIER=Intel64 Family 6 Model 165 Stepping 2, GenuineIntel



---------------  S Y S T E M  ---------------

OS: Windows 10.0 , 64 bit Build 22621 (10.0.22621.1485)

CPU:total 8 (4 cores per cpu, 2 threads per core) family 6 model 165 stepping 2, cmov, cx8, fxsr, mmx, sse, sse2, sse3, ssse3, sse4.1, sse4.2, popcnt, avx, avx2, aes, clmul, erms, 3dnowpref, lzcnt, ht, tsc, tscinvbit, bmi1, bmi2, adx

Memory: 4k page, physical 16591056k(329144k free), swap 45960624k(5536k free)

vm_info: Java HotSpot(TM) 64-Bit Server VM (25.111-b14) for windows-amd64 JRE (1.8.0_111-b14), built on Sep 22 2016 19:24:05 by "java_re" with MS VC++ 10.0 (VS2010)

time: Thu Apr 20 14:11:16 2023
elapsed time: 6 seconds (0d 0h 0m 6s)

